 M(2)     
    0.088650  263.540918
    0.318417  212.203165
 N(2)     
    0.015346  240.690049
    0.050882  192.795664
 S(2)     
    0.083999  150.930442
    0.337419  110.810822
 O(1)     
    0.020935  347.625026
    0.021187  295.019331
 K(1)     
    0.030226  350.510868
    0.032522  294.565686
 K(2)     
    0.027722   27.205945
    0.107573  349.096989
 L(2)     
    0.005437  308.523014
    0.023072  245.802641
 2N(2)    
    0.000388  270.725284
    0.002618  234.709150
 R(2)     
    0.088149  159.163183
    0.347720  119.349554
 T(2)     
    0.032653  316.211747
    0.132101  276.308086
 Lambda(2)
    0.001336  240.851279
    0.005852  188.618653
 Mu(2)    
    0.003345   43.430551
    0.014357  334.122227
 Nu(2)    
    0.000980  274.984590
    0.003735  203.890439
 J(1)     
    0.001808  200.567349
    0.001397  117.871985
 M(1)     
    0.001276  234.132382
    0.000796  159.769229
 OO(1)    
    0.000569  114.665185
    0.000541   34.923731
 P(1)     
    0.010043  320.422332
    0.011131  272.713058
 Q(1)     
    0.002946  339.574841
    0.003374  292.274056
 2Q(1)    
    0.000984  114.271669
    0.000561   59.224446
 Rho(1)   
    0.000494   39.238146
    0.000447  318.106875
 M(4)     
    0.005806   49.970166
    0.006764   26.732779
 M(6)     
    0.003203  161.245431
    0.011702  335.245090
 M(8)     
    0.000348  266.947005
    0.002060  161.819569
 S(4)     
    0.000096  191.213279
    0.000103  167.142216
 S(6)     
    0.000014  251.634025
    0.000074  347.949606
 M(3)     
    0.001278  261.303018
    0.004254  238.162329
 S(1)     
    0.009851  308.620495
    0.008687  265.579044
 MK(3)    
    0.001675   39.246257
    0.004781   17.695927
 2MK(3)   
    0.003451    1.112101
    0.011250  339.401532
 MN(4)    
    0.002460   28.344168
    0.003020    5.371922
 MS(4)    
    0.001151  121.969336
    0.001480   87.017084
 2SM(2)   
    0.000163  239.728285
    0.000728  192.478948
 Mf       
    0.005139   33.527394
    0.004211   39.009441
 Msf      
    0.007148   68.394713
    0.006977   64.242760
 Mm       
    0.012804   32.939668
    0.012633   32.800103
 Sa       
    0.048301  330.911624
    0.049191  331.138160
 Ssa      
    0.016151  107.822176
    0.016507  109.127105
