1      859-4900 Washington, D.C.    T.M. 75 W.     Used 2001->          
       PREDICTED HOURLY HEIGHTS  YEAR 2017  MONTH  2  DATUM   1.55      *NOAA, NATIONAL OCEAN SERVICE*     -0.0000000

       DAY   HOURS    HOURS    HOURS    HOURS    HOURS    HOURS    HOURS    HOURS    HOURS    HOURS    HOURS    HOURS
              0/12     1/13     2/14     3/15     4/16     5/17     6/18     7/19     8/20     9/21    10/22    11/23

        1      0.8      1.6      2.4      3.0      3.2      2.9      2.4      1.7      0.9      0.3     -0.0      0.1
        1      0.6      1.4      2.3      3.0      3.3      3.2      2.7      2.0      1.2      0.5     -0.0     -0.1
        2      0.2      0.9      1.7      2.6      3.1      3.3      3.0      2.5      1.7      1.0      0.3     -0.0
        2      0.1      0.6      1.4      2.3      2.9      3.2      3.1      2.6      1.9      1.1      0.4     -0.1
        3     -0.1      0.2      0.9      1.8      2.7      3.2      3.4      3.1      2.6      1.8      1.0      0.3
        3     -0.0      0.1      0.6      1.3      2.2      2.8      3.1      3.0      2.5      1.9      1.1      0.3
        4     -0.1     -0.2      0.2      1.0      1.9      2.7      3.3      3.5      3.3      2.7      1.9      1.1
        4      0.3     -0.0      0.0      0.5      1.3      2.1      2.8      3.1      3.0      2.5      1.8      1.0
        5      0.2     -0.2     -0.2      0.2      1.0      1.9      2.8      3.4      3.6      3.4      2.8      2.0
        5      1.1      0.3     -0.1     -0.1      0.4      1.2      2.1      2.8      3.1      3.0      2.5      1.8
        6      0.9      0.2     -0.3     -0.3      0.2      1.0      2.0      2.9      3.6      3.8      3.5      2.9
        6      2.0      1.0      0.3     -0.2     -0.1      0.3      1.2      2.1      2.8      3.1      3.0      2.5
        7      1.7      0.9      0.1     -0.3     -0.3      0.2      1.0      2.1      3.0      3.7      3.8      3.6
        7      2.9      2.0      1.0      0.2     -0.2     -0.2      0.3      1.2      2.1      2.8      3.2      3.0
        8      2.5      1.7      0.8      0.0     -0.4     -0.3      0.2      1.1      2.2      3.2      3.8      3.9
        8      3.6      2.8      1.9      0.9      0.1     -0.3     -0.2      0.4      1.3      2.2      2.9      3.2
        9      3.0      2.4      1.6      0.7     -0.0     -0.4     -0.3      0.3      1.2      2.3      3.3      3.8
        9      3.9      3.5      2.7      1.7      0.7     -0.0     -0.3     -0.2      0.5      1.4      2.3      3.0
       10      3.2      3.0      2.4      1.5      0.6     -0.1     -0.4     -0.2      0.4      1.4      2.4      3.3
       10      3.8      3.8      3.3      2.5      1.5      0.6     -0.1     -0.3     -0.1      0.6      1.6      2.5
       11      3.1      3.2      2.9      2.3      1.5      0.6     -0.0     -0.3     -0.1      0.6      1.5      2.5
       11      3.3      3.7      3.6      3.1      2.3      1.3      0.5     -0.1     -0.2      0.1      0.8      1.8
       12      2.6      3.1      3.2      2.8      2.2      1.4      0.6      0.0     -0.2      0.1      0.7      1.7
       12      2.6      3.3      3.5      3.4      2.8      2.0      1.1      0.4     -0.1     -0.1      0.3      1.0
       13      1.9      2.7      3.1      3.1      2.8      2.1      1.3      0.6      0.1     -0.0      0.3      0.9
       13      1.8      2.6      3.2      3.3      3.1      2.6      1.8      1.0      0.3     -0.0      0.0      0.5
       14      1.2      2.1      2.7      3.1      3.0      2.7      2.0      1.3      0.6      0.2      0.1      0.4
       14      1.1      1.9      2.6      3.1      3.1      2.9      2.3      1.6      0.8      0.3      0.0      0.2
       15      0.7      1.4      2.2      2.8      3.0      3.0      2.6      2.0      1.2      0.6      0.3      0.3
       15      0.6      1.2      2.0      2.6      2.9      2.9      2.6      2.1      1.4      0.7      0.2      0.1
       16      0.3      0.9      1.6      2.3      2.8      3.0      2.9      2.5      1.9      1.2      0.6      0.4
       16      0.4      0.7      1.3      2.0      2.5      2.8      2.7      2.4      1.9      1.2      0.6      0.2
       17      0.2      0.5      1.0      1.8      2.4      2.9      3.0      2.8      2.4      1.8      1.1      0.6
       17      0.4      0.5      0.8      1.4      2.0      2.5      2.7      2.6      2.2      1.7      1.0      0.5
       18      0.2      0.3      0.6      1.2      1.9      2.5      2.9      3.0      2.8      2.3      1.7      1.0
       18      0.6      0.4      0.5      0.9      1.5      2.1      2.5      2.6      2.5      2.0      1.5      0.9
       19      0.4      0.2      0.4      0.8      1.4      2.1      2.7      3.0      3.0      2.7      2.2      1.6
       19      0.9      0.5      0.4      0.6      1.0      1.6      2.1      2.5      2.6      2.3      1.9      1.3
       20      0.7      0.3      0.2      0.5      1.0      1.6      2.3      2.8      3.0      3.0      2.6      2.1
       20      1.4      0.8      0.4      0.4      0.6      1.1      1.7      2.2      2.5      2.5      2.2      1.7
       21      1.1      0.6      0.2      0.3      0.6      1.1      1.8      2.5      3.0      3.1      2.9      2.5
       21      1.9      1.2      0.6      0.3      0.4      0.7      1.2      1.9      2.4      2.6      2.5      2.1
       22      1.6      0.9      0.4      0.2      0.3      0.7      1.3      2.1      2.7      3.1      3.2      2.9
       22      2.4      1.7      1.0      0.5      0.3      0.4      0.8      1.4      2.0      2.5      2.7      2.5
       23      2.0      1.4      0.8      0.3      0.1      0.3      0.8      1.5      2.3      2.9      3.2      3.2
       23      2.8      2.2      1.5      0.8      0.3      0.2      0.4      0.9      1.6      2.2      2.7      2.7
       24      2.4      1.9      1.3      0.6      0.1      0.1      0.3      0.9      1.7      2.5      3.1      3.3
       24      3.2      2.7      2.0      1.2      0.6      0.2      0.2      0.5      1.1      1.8      2.5      2.8
       25      2.8      2.4      1.8      1.1      0.4      0.0      0.0      0.4      1.1      1.9      2.7      3.2
       25      3.3      3.1      2.5      1.8      1.0      0.4      0.1      0.2      0.6      1.3      2.1      2.7
       26      2.9      2.8      2.4      1.7      1.0      0.3     -0.0      0.0      0.5      1.2      2.1      2.9
       26      3.3      3.3      3.0      2.4      1.6      0.8      0.2      0.0      0.2      0.7      1.5      2.3
       27      2.8      3.1      2.9      2.4      1.7      0.9      0.2     -0.1      0.0      0.5      1.3      2.2
       27      2.9      3.3      3.3      2.9      2.2      1.4      0.7      0.1     -0.0      0.2      0.8      1.7
       28      2.5      3.0      3.2      2.9      2.4      1.6      0.8      0.2     -0.1      0.0      0.6      1.4
       28      2.3      3.0      3.3      3.2      2.7      2.1      1.3      0.5      0.0     -0.1      0.3      1.0
