 M(2)     
    0.364052  333.390543
    0.369231  333.699310
    0.369717  333.714477
    0.367781  333.494610
    0.360897  333.402243
    0.353188  333.271247
 N(2)     
    0.063868  306.510658
    0.064722  306.842577
    0.064801  306.861110
    0.064513  306.651910
    0.063342  306.496410
    0.062044  306.307281
 S(2)     
    0.049874    4.236801
    0.050723    4.621067
    0.050816    4.634533
    0.050406    4.310100
    0.049365    4.233933
    0.048191    4.078705
 O(1)     
    0.032494  332.670904
    0.032665  332.899877
    0.032685  332.924510
    0.032499  332.788710
    0.032415  332.599977
    0.032275  332.386277
 K(1)     
    0.055332  332.774264
    0.055640  332.986977
    0.055675  333.009877
    0.055381  332.869110
    0.055185  332.729777
    0.054900  332.570477
 K(2)     
    0.017160  349.489201
    0.017438  349.877577
    0.017467  349.896410
    0.017345  349.579610
    0.016991  349.481710
    0.016595  349.327715
 L(2)     
    0.022418   18.540699
    0.022734   18.745100
    0.022762   18.754467
    0.022640   18.561867
    0.022227   18.626933
    0.021752   18.666434
 2N(2)    
    0.004479   82.465531
    0.004534   82.659000
    0.004539   82.670100
    0.004517   82.483767
    0.004445   82.548200
    0.004361   82.597668
 R(2)     
    0.000504   99.488100
    0.000511   99.527500
    0.000511   99.524700
    0.000509   99.357467
    0.000500   99.693333
    0.000490  100.038200
 T(2)     
    0.000149  278.062615
    0.000151  277.740477
    0.000151  277.709510
    0.000150  277.647977
    0.000148  278.476377
    0.000145  279.348008
 Lambda(2)
    0.003837  336.095909
    0.003891  336.310710
    0.003896  336.320443
    0.003876  336.142777
    0.003804  336.160677
    0.003723  336.140278
 Mu(2)    
    0.016430  128.437407
    0.016635  128.632733
    0.016653  128.641400
    0.016571  128.462833
    0.016306  128.518867
    0.016000  128.557435
 Nu(2)    
    0.003561  343.863541
    0.003606  344.063343
    0.003610  344.072110
    0.003591  343.875577
    0.003534  343.962577
    0.003469  344.043545
 J(1)     
    0.004387  156.094591
    0.004406  156.193133
    0.004407  156.198500
    0.004402  156.102967
    0.004377  156.146567
    0.004349  156.177734
 M(1)     
    0.001711  166.296815
    0.001718  166.348933
    0.001718  166.352800
    0.001716  166.250867
    0.001707  166.389267
    0.001696  166.535433
 OO(1)    
    0.000897  208.479400
    0.000902  208.585543
    0.000902  208.597510
    0.000901  208.452343
    0.000894  208.528010
    0.000886  208.569808
 P(1)     
    0.015970  335.791179
    0.016061  335.998643
    0.016071  336.022777
    0.015979  335.883477
    0.015928  335.748077
    0.015850  335.594911
 Q(1)     
    0.006154  327.010451
    0.006185  327.260010
    0.006188  327.285843
    0.006156  327.133310
    0.006139  326.935243
    0.006112  326.722811
 2Q(1)    
    0.000596   37.772509
    0.000599   37.796667
    0.000599   37.795200
    0.000599   37.738400
    0.000594   37.807733
    0.000589   37.841231
 Rho(1)   
    0.000107  128.848468
    0.000108  128.555333
    0.000108  128.485600
    0.000108  128.622067
    0.000106  129.160667
    0.000104  129.982274
 M(4)     
    0.037442  151.809319
    0.039787  152.424467
    0.040022  152.417833
    0.039219  152.105934
    0.035987  151.848733
    0.032479  151.631586
 M(6)     
    0.023188   60.619848
    0.026246   61.410167
    0.026518   61.399433
    0.025341   60.871235
    0.021400   60.788365
    0.017201   60.363448
 M(8)     
    0.004023  264.294515
    0.005177  264.958476
    0.005289  264.814577
    0.004873  264.144114
    0.003367  264.840571
    0.001913  264.895272
 S(4)     
    0.000502  249.259755
    0.000535  249.815577
    0.000538  249.785143
    0.000527  249.600344
    0.000482  249.379443
    0.000434  249.288275
 S(6)     
    0.000090  320.417775
    0.000101  321.049510
    0.000102  321.035243
    0.000098  320.480844
    0.000084  320.676242
    0.000068  320.539939
 M(3)     
    0.007532   68.905907
    0.007765   69.318233
    0.007787   69.325700
    0.007695   69.083700
    0.007388   68.963800
    0.007039   68.845512
 S(1)     
    0.000138  341.011015
    0.000140  341.238077
    0.000140  341.251777
    0.000139  341.121477
    0.000137  341.007510
    0.000134  340.899511
 MK(3)    
    0.010449  162.484221
    0.010802  162.870633
    0.010839  162.855333
    0.010703  162.636800
    0.010226  162.597900
    0.009697  162.657912
 2MK(3)   
    0.017778  162.078322
    0.018319  162.483833
    0.018371  162.487000
    0.018158  162.257400
    0.017443  162.144067
    0.016633  162.050178
 MN(4)    
    0.011048  139.415435
    0.011739  139.979567
    0.011808  139.949333
    0.011576  139.678067
    0.010616  139.503233
    0.009587  139.435058
 MS(4)    
    0.007081  196.920536
    0.007564  197.491610
    0.007613  197.450877
    0.007456  197.172877
    0.006777  197.024343
    0.006057  197.019441
 2SM(2)   
    0.001535  207.897393
    0.001559  208.132143
    0.001561  208.144743
    0.001552  207.945110
    0.001521  207.961377
    0.001485  207.938845
 Mf       
    0.004806  309.263494
    0.004807  309.238043
    0.004807  309.244010
    0.004807  309.211343
    0.004806  309.289610
    0.004805  309.330743
 Msf      
    0.001067  275.787999
    0.001075  275.343677
    0.001073  275.519877
    0.001081  274.914607
    0.001062  275.914762
    0.001052  276.002977
 Mm       
    0.003701  202.107310
    0.003715  202.120543
    0.003711  202.113310
    0.003726  202.117743
    0.003695  202.121077
    0.003683  202.175422
 Sa       
    0.000084   51.113637
    0.000085   51.692633
    0.000085   51.777800
    0.000085   51.453067
    0.000084   50.797667
    0.000083   49.933405
 Ssa      
    0.001165   23.182008
    0.001166   23.196933
    0.001167   23.189500
    0.001166   23.217000
    0.001165   23.168500
    0.001163   23.161198
