 M(2)     
      0.024290   243.871      0.001404   243.836
      0.000005   243.245      0.000102   243.933
      0.028018    64.053      0.008498   243.718
      0.003655   231.591      0.008881   233.240
      0.017223   214.508      0.048019   218.799
 N(2)     
      0.004190   217.206      0.000242   217.179
      0.000001   216.609      0.000018   217.285
      0.004844    37.336      0.001472   217.023
      0.000606   200.821      0.001476   203.584
      0.002817   182.564      0.007848   188.850
 S(2)     
      0.003454   275.065      0.000199   275.018
      0.000001   274.457      0.000015   275.150
      0.003980    95.083      0.001209   274.761
      0.000498   259.702      0.001214   262.158
      0.002304   242.046      0.006423   247.925
 O(1)     
      0.000986   242.054      0.000057   241.540
      0.000000   241.901      0.000004   242.169
      0.001166    63.551      0.000356   243.798
      0.000159   188.348      0.000361   198.552
      0.000778   167.024      0.002001   177.773
 K(1)     
      0.001860   242.712      0.000107   242.399
      0.000000   242.497      0.000008   242.813
      0.002165    63.582      0.000658   243.655
      0.000269   205.066      0.000640   212.929
      0.001259   183.082      0.003322   193.384
 K(2)     
      0.001195   260.506      0.000069   260.446
      0.000000   259.931      0.000005   260.631
      0.001380    80.465      0.000419   260.171
      0.000184   246.381      0.000444   248.160
      0.000891   228.925      0.002450   233.445
 L(2)     
      0.001505   288.438      0.000087   288.276
      0.000000   287.797      0.000006   288.490
      0.001729   109.047      0.000522   288.737
      0.000264   286.406      0.000629   285.452
      0.001313   271.591      0.003572   271.128
 2N(2)    
      0.000286   354.548      0.000017   354.283
      0.000000   354.228      0.000001   354.874
      0.000326   174.431      0.000098   354.184
      0.000053   350.923      0.000125   349.876
      0.000304   335.534      0.000785   336.282
 R(2)     
      0.000033     9.766      0.000002     9.497
      0.000000     9.189      0.000000     9.854
      0.000038   190.576      0.000011    10.296
      0.000006    15.561      0.000014    12.777
      0.000033     6.565      0.000087     3.275
 T(2)     
      0.000009   188.590      0.000000   188.274
      0.000000   188.068      0.000000   188.711
      0.000010     9.398      0.000003   189.041
      0.000002   202.488      0.000004   198.266
      0.000009   197.995      0.000024   193.258
 Lambda(2)
      0.000259   246.216      0.000015   246.086
      0.000000   245.577      0.000001   246.268
      0.000296    66.736      0.000089   246.400
      0.000042   240.140      0.000102   240.473
      0.000204   220.711      0.000561   222.693
 Mu(2)    
      0.001046    38.367      0.000061    38.138
      0.000000    37.801      0.000004    38.448
      0.001202   219.096      0.000362    38.876
      0.000189    33.166      0.000447    32.762
      0.000944    16.093      0.002537    16.575
 Nu(2)    
      0.000228   253.914      0.000013   253.604
      0.000000   253.380      0.000001   254.022
      0.000264    74.843      0.000080   254.699
      0.000045   251.860      0.000105   250.580
      0.000239   238.523      0.000626   237.084
 J(1)     
      0.000159    66.692      0.000009    66.908
      0.000000    66.247      0.000001    66.633
      0.000180   246.400      0.000054    65.924
      0.000022    65.430      0.000053    66.107
      0.000100    40.062      0.000279    45.234
 M(1)     
      0.000061    77.270      0.000004    77.578
      0.000000    76.873      0.000000    77.268
      0.000067   256.279      0.000020    75.668
      0.000010    95.126      0.000024    92.879
      0.000049    76.739      0.000130    80.424
 OO(1)    
      0.000034   116.442      0.000002   116.920
      0.000000   115.621      0.000000   116.085
      0.000038   296.298      0.000012   115.512
      0.000005   146.744      0.000013   140.654
      0.000024   125.860      0.000070   119.284
 P(1)     
      0.000538   245.640      0.000031   245.255
      0.000000   245.450      0.000002   245.752
      0.000622    66.712      0.000189   246.866
      0.000078   211.678      0.000185   219.015
      0.000339   189.543      0.000903   200.875
 Q(1)     
      0.000183   238.277      0.000010   237.897
      0.000000   238.249      0.000001   238.491
      0.000216    58.844      0.000066   238.911
      0.000022   176.969      0.000052   190.380
      0.000108   154.406      0.000265   168.314
 2Q(1)    
      0.000016   300.876      0.000001   301.190
      0.000000   299.712      0.000000   300.236
      0.000019   122.888      0.000006   302.042
      0.000001   349.355      0.000003   328.988
      0.000004   250.476      0.000022   266.101
 Rho(1)   
      0.000003    38.097      0.000000    35.929
      0.000000    39.434      0.000000    40.484
      0.000004   215.262      0.000001    36.354
      0.000002    77.466      0.000005    73.218
      0.000020    74.164      0.000047    70.936
 M(4)     
      0.005913    60.181      0.000339    59.161
      0.000001    59.076      0.000025    60.371
      0.006486   243.914      0.001974    63.997
      0.000660    66.245      0.001657    65.749
      0.003546    43.431      0.011535    49.095
 M(6)     
      0.005069   328.945      0.000291   328.821
      0.000001   326.712      0.000021   328.795
      0.005768   150.955      0.001765   330.330
      0.000683   330.822      0.001674   329.109
      0.002757   313.705      0.007799   311.517
 M(8)     
      0.001489   167.988      0.000085   166.888
      0.000000   165.094      0.000006   167.783
      0.001579   353.409      0.000485   173.285
      0.000146   176.511      0.000353   174.699
      0.000561   145.863      0.001643   143.574
 S(4)     
      0.000077   157.310      0.000004   156.725
      0.000000   155.935      0.000000   157.358
      0.000088   340.370      0.000027   160.272
      0.000010   163.209      0.000025   161.634
      0.000055   151.506      0.000175   150.671
 S(6)     
      0.000019   231.580      0.000001   231.558
      0.000000   229.378      0.000000   231.387
      0.000022    53.317      0.000007   232.598
      0.000003   233.977      0.000006   232.381
      0.000010   216.211      0.000028   214.431
 M(3)     
      0.000773   338.908      0.000044   338.340
      0.000000   338.121      0.000003   339.108
      0.000889   160.699      0.000270   340.599
      0.000118   339.176      0.000288   338.395
      0.000573   326.686      0.001657   327.489
 S(1)     
      0.000006   241.217      0.000000   241.457
      0.000000   240.436      0.000000   241.458
      0.000006    59.795      0.000002   238.864
      0.000001   247.923      0.000002   243.575
      0.000004   228.024      0.000010   227.798
 MK(3)    
      0.001188    69.382      0.000068    68.141
      0.000000    68.583      0.000005    69.514
      0.001340   254.041      0.000408    74.469
      0.000165    81.826      0.000410    80.643
      0.000809    65.020      0.002647    64.690
 2MK(3)   
      0.001829    71.768      0.000105    71.074
      0.000000    71.016      0.000008    71.975
      0.002098   254.027      0.000638    74.040
      0.000273    73.650      0.000669    72.947
      0.001338    60.315      0.003939    61.176
 MN(4)    
      0.001750    45.680      0.000100    44.591
      0.000000    44.432      0.000008    45.710
      0.001940   230.485      0.000593    50.697
      0.000198    57.213      0.000501    56.324
      0.001009    33.099      0.003520    36.735
 MS(4)    
      0.001199   102.484      0.000068   101.260
      0.000000   101.206      0.000005   102.511
      0.001314   287.858      0.000402   108.154
      0.000128   116.687      0.000324   115.746
      0.000664    89.710      0.002391    94.263
 2SM(2)   
      0.000110   118.636      0.000006   118.504
      0.000000   118.002      0.000000   118.709
      0.000125   299.034      0.000038   118.656
      0.000017   114.846      0.000042   114.710
      0.000085    96.794      0.000235    98.774
 Mf       
      0.000012   213.587      0.000001   214.347
      0.000000   212.656      0.000000   213.040
      0.000007    32.366      0.000001   209.450
      0.000018   229.214      0.000037   230.303
      0.000127   228.027      0.000340   228.476
 Msf      
      0.000010   189.366      0.000002   205.661
      0.000000   138.194      0.000000   160.665
      0.000041   218.961      0.000017    38.202
      0.000022   243.412      0.000039   244.651
      0.000117   236.177      0.000381   228.218
 Mm       
      0.000009   154.648      0.000001   192.095
      0.000000   101.359      0.000000   116.838
      0.000045   219.738      0.000018    36.795
      0.000043   190.948      0.000083   190.161
      0.000224   191.441      0.000664   195.252
 Sa       
      0.000001   281.556      0.000000   285.695
      0.000000   279.565      0.000000   280.154
      0.000001    82.356      0.000000   255.202
      0.000001   203.831      0.000001   204.035
      0.000002   246.813      0.000005   253.439
 Ssa      
      0.000002   200.227      0.000000   182.958
      0.000000   212.211      0.000000   208.945
      0.000002   113.995      0.000001   304.516
      0.000002   161.014      0.000003   164.143
      0.000020   155.310      0.000054   157.337
