 M(2)     
    0.489190   15.785227
    0.470839   23.329725
    0.456342   44.576888
    0.348984   38.654792
    0.137451   95.331846
    0.230338  199.109935
    0.129901  331.345344
    0.212977   77.624746
    0.492360  359.185459
 N(2)     
    0.110465  355.341444
    0.102881    3.702027
    0.091972   28.950748
    0.072761   21.907994
    0.028877   74.957239
    0.037606  177.495989
    0.021577  305.173952
    0.043132   57.681195
    0.114925  338.115970
 S(2)     
    0.294532  159.721660
    0.240139  188.600710
    0.333865  258.857816
    0.249586  237.410852
    0.077564  305.375271
    0.224396   98.616661
    0.107843  228.629596
    0.124141  296.657203
    0.340196  129.073929
 O(1)     
    0.054297  192.515818
    0.052423  197.134654
    0.048746  207.755059
    0.038872  211.253726
    0.022917  248.151139
    0.020715  290.029270
    0.026437    8.823064
    0.028899  235.670306
    0.062996  181.713704
 K(1)     
    0.085068  189.545721
    0.081463  194.217302
    0.075376  205.716765
    0.059221  208.340255
    0.034881  246.055782
    0.031706  289.018126
    0.038656   13.863840
    0.044279  233.416514
    0.096205  179.746236
 K(2)     
    0.120716   56.658891
    0.105835   80.189460
    0.127081  139.443271
    0.099418  120.820965
    0.033547  184.155922
    0.071065  335.593731
    0.034944  101.129300
    0.051176  173.084807
    0.130493   28.423355
 L(2)     
    0.009040  359.940809
    0.011149   20.674916
    0.020087   50.758381
    0.012752   40.873985
    0.003533  115.900496
    0.015951  237.514910
    0.008582   21.042594
    0.006939  101.526470
    0.007073  323.336479
 2N(2)    
    0.000846  347.485158
    0.001102   16.522540
    0.002386   54.526207
    0.001323   36.273335
    0.000401   80.435639
    0.001711  231.175367
    0.000634  348.038420
    0.000730   84.752963
    0.000865  306.174245
 R(2)     
    0.313150  183.530076
    0.276886  210.402637
    0.374491  271.099767
    0.282862  252.031301
    0.093703  317.902015
    0.231467  106.439877
    0.113347  235.088408
    0.147525  307.302498
    0.341616  152.884026
 T(2)     
    0.120200  335.821044
    0.103472    2.884040
    0.138795   66.263992
    0.104320   46.392636
    0.033019  112.025179
    0.087495  263.927006
    0.042050   34.044459
    0.052377  102.238542
    0.133558  305.342488
 Lambda(2)
    0.003643  174.602704
    0.001674  197.100837
    0.003214  342.558882
    0.001850  312.622801
    0.000540   71.770170
    0.003968  179.743480
    0.002220  319.702216
    0.001142   51.988698
    0.005205  151.219707
 Mu(2)    
    0.002638  131.604440
    0.004972  140.103194
    0.011773  152.983696
    0.006519  145.200793
    0.001923  237.887549
    0.010241  328.122923
    0.005671  114.454728
    0.003844  212.813335
    0.000346  145.142601
 Nu(2)    
    0.002419   89.888699
    0.002152   85.524979
    0.001893   49.030184
    0.001113   75.427743
    0.000776  165.243502
    0.002787  200.171894
    0.001631  347.630767
    0.001155  127.813555
    0.002837   84.630759
 J(1)     
    0.000648  334.231504
    0.000804  359.079798
    0.001340    5.734507
    0.000975   30.991998
    0.001114   80.858804
    0.001292  116.687426
    0.002621  219.843998
    0.001465   69.738401
    0.000470  298.278371
 M(1)     
    0.000721    7.048112
    0.000728   29.604835
    0.001057   41.212181
    0.000747   66.259951
    0.000725  117.183209
    0.000780  157.421760
    0.001769  250.674871
    0.000954  105.238633
    0.000465   17.311521
 OO(1)    
    0.000244  264.912088
    0.000336  279.550978
    0.000549  286.202877
    0.000383  299.700466
    0.000384  356.537204
    0.000508   32.205137
    0.000858  137.601909
    0.000510  344.014186
    0.000179  223.269133
 P(1)     
    0.030642  177.914783
    0.028748  180.065391
    0.025516  189.855988
    0.019948  190.652572
    0.011780  225.238038
    0.010721  266.407729
    0.012225  344.488903
    0.015024  212.397602
    0.034590  168.497464
 Q(1)     
    0.011516  188.482217
    0.010662  193.193823
    0.009581  206.399754
    0.007303  207.733962
    0.003931  244.358505
    0.003370  286.438885
    0.003525    1.379814
    0.004912  231.311084
    0.012554  178.785084
 2Q(1)    
    0.000356  156.431974
    0.000096  199.301926
    0.000395  275.026755
    0.000296  326.699543
    0.000413   20.261369
    0.000533   58.362390
    0.001263  128.495112
    0.000547    7.320351
    0.000527  178.929851
 Rho(1)   
    0.000481  325.821620
    0.000295  305.261425
    0.000194  236.913113
    0.000293  240.717316
    0.000301  279.674735
    0.000378  322.886304
    0.000765   57.364772
    0.000414  275.863403
    0.000231  322.969993
 M(4)     
    0.014092  249.808203
    0.008907  286.095590
    0.007086   62.704975
    0.018733   26.584524
    0.011548   90.061379
    0.003147   55.606720
    0.009324  215.805591
    0.014238   74.913513
    0.008067  262.655868
 M(6)     
    0.004468  344.550969
    0.003727  293.680746
    0.005410  274.172862
    0.022631  312.092328
    0.009715   75.137118
    0.003044  178.744117
    0.007157    2.835829
    0.011246   47.349588
    0.018365  176.390006
 M(8)     
    0.001815  112.714447
    0.001226  115.140035
    0.000377  351.004188
    0.002562  281.060135
    0.001883   50.155222
    0.001556  344.552705
    0.000231  230.603989
    0.001748   31.181534
    0.001181  264.446709
 S(4)     
    0.000250   33.729958
    0.000226   67.004639
    0.000151  136.414424
    0.000376  155.796121
    0.000195  220.465699
    0.000028  168.906674
    0.000179    4.663165
    0.000256  207.422489
    0.000178   26.068965
 S(6)     
    0.000011  108.969282
    0.000018  330.270553
    0.000033  321.289472
    0.000073    2.955276
    0.000021  155.790003
    0.000023  156.374632
    0.000057   72.575448
    0.000014  109.874233
    0.000084  164.915529
 M(3)     
    0.001559  296.819929
    0.001793  287.458184
    0.002452  303.892302
    0.002808  292.308818
    0.000879    0.833245
    0.002031  208.194433
    0.002438    3.094212
    0.001738  356.878128
    0.000398  304.682085
 S(1)     
    0.014968  174.936119
    0.016082  172.507995
    0.015887  176.061613
    0.013463  176.502655
    0.009042  213.119525
    0.008609  256.791185
    0.011599  328.581154
    0.011507  201.140267
    0.016838  165.935749
 MK(3)    
    0.003285   23.158800
    0.002484   28.613293
    0.001093   69.037773
    0.002063   68.551650
    0.001138  167.938067
    0.001817  344.324440
    0.003305  150.290388
    0.002329  145.907359
    0.000710   46.554382
 2MK(3)   
    0.004001   23.609811
    0.005221   24.924457
    0.006783   52.212899
    0.008070   39.364680
    0.002939  108.904735
    0.005255  308.624440
    0.006470  103.820798
    0.005457  100.975247
    0.000987   26.373984
 MN(4)    
    0.006185  230.452995
    0.004268  269.866829
    0.002927   23.621900
    0.008592    7.925090
    0.005106   72.583572
    0.001104   25.269581
    0.003995  190.862358
    0.006344   58.289499
    0.003452  239.737683
 MS(4)    
    0.003953  300.564878
    0.002652  340.927392
    0.001996   89.427985
    0.005045   82.117613
    0.002798  148.910754
    0.000778  106.349510
    0.002057  288.523845
    0.003385  134.068468
    0.002238  307.500552
 2SM(2)   
    0.000400  281.942200
    0.000494  304.208913
    0.000803  347.668753
    0.000600  330.143192
    0.000241   30.455354
    0.000476  178.777426
    0.000227  308.538389
    0.000367   20.275256
    0.000353  244.708118
 Mf       
    0.000392   69.290207
    0.001049   49.338606
    0.001602   46.343742
    0.002619   40.960347
    0.003720   37.626664
    0.004151   37.972031
    0.005317   32.312814
    0.003535   35.300223
    0.000415  138.045753
 Msf      
    0.001158  105.411850
    0.002694   61.449442
    0.004367   53.515419
    0.005949   53.834286
    0.006877   59.630860
    0.006873   63.851891
    0.007122   70.223692
    0.006611   58.711179
    0.000548  106.730081
 Mm       
    0.001428   58.802131
    0.004803   33.323852
    0.007779   30.001236
    0.010685   29.581182
    0.012434   31.300326
    0.012534   32.530001
    0.012626   33.447967
    0.011860   30.565764
    0.000815   73.368797
 Sa       
    0.008147  303.809057
    0.017431  303.797613
    0.022250  295.707201
    0.035688  315.195036
    0.043574  323.645620
    0.045633  328.356691
    0.047135  329.716301
    0.039827  322.586731
    0.011327  328.967737
 Ssa      
    0.001934   65.639626
    0.003751   66.200837
    0.004181   43.710731
    0.008901   89.801959
    0.012825  101.046435
    0.014569  106.230921
    0.015554  106.019560
    0.011368  100.115073
    0.004245  102.509075
