 M(2)     
    0.490098   15.757306
    0.471638   23.305950
    0.457014   44.561401
    0.349529   38.646616
    0.137575   95.392096
    0.230892  199.170605
    0.130329  331.526237
    0.213192   77.676436
    0.493274  359.153059
 N(2)     
    0.111030  356.647118
    0.103442    5.081888
    0.092780   30.453787
    0.073273   23.272624
    0.029014   76.220386
    0.037982  179.403975
    0.021707  306.587877
    0.043397   59.030383
    0.115397  339.348117
 S(2)     
    0.064617   42.565632
    0.060193   51.471542
    0.053417   78.575068
    0.043130   70.651683
    0.017017  124.026566
    0.021946  238.701788
    0.012168    6.408734
    0.025647  106.423261
    0.065742   24.524331
 O(1)     
    0.054233  192.456315
    0.051881  197.323488
    0.047786  208.464884
    0.037883  211.909393
    0.022088  248.507966
    0.019745  290.193481
    0.024903    8.316220
    0.027844  235.839721
    0.063012  181.882202
 K(1)     
    0.078344  186.884483
    0.073915  192.006583
    0.067708  204.235524
    0.052689  207.187841
    0.030487  244.998254
    0.027565  287.680873
    0.033174   14.723690
    0.038691  232.212610
    0.088574  177.072848
 K(2)     
    0.020869   38.322349
    0.019414   45.862165
    0.016650   67.745929
    0.013643   62.288955
    0.005823  119.957959
    0.008507  219.117869
    0.005596  352.491988
    0.008831  100.461415
    0.021209   21.873685
 L(2)     
    0.003997  342.561121
    0.007657   13.653450
    0.019690   39.612706
    0.011528   28.498019
    0.003228  110.023021
    0.017522  227.087107
    0.009369   11.367118
    0.006660   94.908740
    0.002801  252.196126
 2N(2)    
    0.000517   86.320747
    0.001417   99.428904
    0.003793  114.973234
    0.002100  104.014496
    0.000649  178.404964
    0.003155  283.953589
    0.001447   55.740596
    0.001356  161.489019
    0.000357  280.544316
 R(2)     
    0.000247   35.779480
    0.000311   58.102467
    0.000666   93.872811
    0.000384   78.391239
    0.000078  120.070768
    0.000552  297.353649
    0.000270   85.174306
    0.000154  133.112077
    0.000196  351.346437
 T(2)     
    0.000179  205.412933
    0.000179  224.002104
    0.000267  269.324992
    0.000173  252.090909
    0.000051  291.525975
    0.000175  114.447799
    0.000081  255.370805
    0.000077  293.894776
    0.000179  176.398428
 Lambda(2)
    0.000577  301.560755
    0.001002  345.391607
    0.002308   23.228082
    0.001582    8.490632
    0.000662   83.084899
    0.001808  200.425027
    0.001016  332.285104
    0.001087   66.532120
    0.000622  233.360270
 Mu(2)    
    0.001719  120.889812
    0.003850  137.990029
    0.010261  153.338430
    0.005502  145.172768
    0.001486  247.397401
    0.009417  331.365813
    0.005221  119.272986
    0.003140  218.417825
    0.000646  330.024724
 Nu(2)    
    0.000404  305.988439
    0.000811  322.936274
    0.002532  339.510523
    0.001190  327.293758
    0.000085  112.657338
    0.002482  172.416926
    0.001324  327.602699
    0.000438   54.103735
    0.000149  156.655833
 J(1)     
    0.000600  331.393211
    0.000814  349.222979
    0.001357  351.191202
    0.000979   12.439069
    0.001105   64.951742
    0.001334  102.888212
    0.002712  204.626521
    0.001471   54.070483
    0.000394  288.237646
 M(1)     
    0.000513    9.374895
    0.000431   14.949443
    0.000496   22.470300
    0.000266   39.599543
    0.000272   91.972254
    0.000296  123.595332
    0.000699  231.138338
    0.000380   80.634242
    0.000188   26.627331
 OO(1)    
    0.000018  313.598432
    0.000015   39.249239
    0.000123   44.570348
    0.000048   89.480744
    0.000117  145.603742
    0.000172  174.891404
    0.000394  284.119409
    0.000155  132.454340
    0.000054  253.244554
 P(1)     
    0.024970  188.714452
    0.023086  193.890898
    0.020715  207.153536
    0.015852  209.559233
    0.008913  246.720216
    0.007870  288.976578
    0.009085   14.257150
    0.011325  233.665420
    0.028140  178.844586
 Q(1)     
    0.011390  189.780712
    0.010614  194.922115
    0.009739  208.325677
    0.007429  210.588802
    0.004047  248.567019
    0.003500  291.601114
    0.003708   13.549127
    0.005037  236.207497
    0.012619  179.960756
 2Q(1)    
    0.000154   82.783538
    0.000056   25.594040
    0.000116  267.722513
    0.000162  322.000527
    0.000236  358.270384
    0.000266   25.918083
    0.000488   95.244688
    0.000286  346.540026
    0.000247  127.055693
 Rho(1)   
    0.000142   10.053544
    0.000179   47.952818
    0.000298   65.948835
    0.000263   82.648859
    0.000173  127.394829
    0.000142  182.250262
    0.000258  290.266748
    0.000214  121.074348
    0.000174   46.232707
 M(4)     
    0.014578  250.128954
    0.009225  286.346914
    0.007246   61.645041
    0.019152   27.381208
    0.011759   91.092697
    0.003229   55.397659
    0.009559  217.525110
    0.014491   75.938419
    0.008289  262.307406
 M(6)     
    0.004586  348.069635
    0.003860  297.701296
    0.005513  278.889317
    0.023201  317.081271
    0.009936   80.588117
    0.003119  182.585954
    0.007371    8.936080
    0.011473   52.724417
    0.018602  182.180811
 M(8)     
    0.001876  119.950207
    0.001200  126.901046
    0.000504  325.483054
    0.002587  292.570593
    0.001893   60.337243
    0.001618  357.871741
    0.000249  260.055582
    0.001762   42.300210
    0.001302  271.213038
 S(4)     
    0.000167  333.766973
    0.000173   21.671050
    0.000132   52.385265
    0.000322  117.908797
    0.000166  197.966668
    0.000016  217.278034
    0.000044  342.723386
    0.000202  182.613146
    0.000075  341.926383
 S(6)     
    0.000016  271.457924
    0.000017  228.249943
    0.000016  224.856253
    0.000067  240.469715
    0.000027    3.617675
    0.000008   86.014181
    0.000022  284.671082
    0.000030  334.774486
    0.000028   84.182057
 M(3)     
    0.001297  300.451389
    0.001756  301.382542
    0.002493  325.638351
    0.002897  314.124190
    0.001029   21.830518
    0.002027  224.591791
    0.002551   19.371648
    0.001940   14.742378
    0.000297  312.833448
 S(1)     
    0.000145  184.831694
    0.000125  190.143994
    0.000116  206.222203
    0.000080  207.864324
    0.000034  268.469509
    0.000030  317.692118
    0.000073   93.726176
    0.000043  256.876253
    0.000132  174.420523
 MK(3)    
    0.002963   10.052772
    0.002480   17.160258
    0.001490   59.708325
    0.002524   54.458940
    0.001247  142.802977
    0.001836  328.554292
    0.003232  136.020247
    0.002488  126.080773
    0.000575   30.684036
 2MK(3)   
    0.003549   27.933229
    0.004395   32.475469
    0.005574   62.608602
    0.006642   49.553095
    0.002437  121.610334
    0.004606  319.054534
    0.005729  114.151515
    0.004618  112.315702
    0.000893   30.018087
 MN(4)    
    0.006305  232.362964
    0.004413  271.947742
    0.002741   17.990560
    0.008549   10.546431
    0.005027   76.020383
    0.000979   29.004608
    0.003628  193.330940
    0.006210   61.582875
    0.003439  240.761596
 MS(4)    
    0.003851  287.719222
    0.002738  327.324961
    0.001575   72.602837
    0.005216   64.556961
    0.002902  130.677217
    0.000656  105.085875
    0.001698  263.835555
    0.003550  115.260788
    0.002173  297.789455
 2SM(2)   
    0.000198  175.528043
    0.000342  213.424290
    0.000752  250.476916
    0.000522  235.410626
    0.000217  306.286408
    0.000560   74.278917
    0.000254  209.536723
    0.000349  290.668181
    0.000188  107.896790
 Mf       
    0.000385   65.555753
    0.001084   39.138226
    0.001805   35.378807
    0.002758   30.955664
    0.003866   30.308872
    0.004290   31.758919
    0.005454   28.081802
    0.003748   27.884711
    0.000472  164.462369
 Msf      
    0.001232   94.672818
    0.002964   54.150113
    0.004709   46.423098
    0.006404   47.308662
    0.007385   52.893376
    0.007356   56.952788
    0.007643   63.058990
    0.007059   51.873628
    0.000740   95.629593
 Mm       
    0.001546   68.993292
    0.004744   39.516487
    0.007626   35.210204
    0.010439   34.849181
    0.012180   36.883619
    0.012260   38.432027
    0.012438   40.606287
    0.011617   36.154200
    0.000891   82.537476
 Sa       
    0.000031  114.880582
    0.000087  108.253106
    0.000135  103.945288
    0.000185  105.469670
    0.000228  104.727050
    0.000231  105.196919
    0.000243  101.479724
    0.000214  104.207642
    0.000025  134.911194
 Ssa      
    0.000125    7.726587
    0.000283   12.749903
    0.000437   12.341944
    0.000719   16.422659
    0.001090   16.922662
    0.001211   16.561394
    0.001625   18.998159
    0.001047   17.021798
    0.000065  210.017221
